# JRE version: Java(TM) SE Runtime Environment (7.0_40-b43) (build 1.7.0_40-b43)
# Java VM: Java HotSpot(TM) 64-Bit Server VM (24.0-b56 mixed mode bsd-amd64 compressed oops)
Heap
 PSYoungGen      total 140288K, used 96861K [0x00000007d5500000, 0x00000007e4d80000, 0x0000000800000000)
  eden space 135168K, 67% used [0x00000007d5500000,0x00000007dae977a8,0x00000007dd900000)
  from space 5120K, 100% used [0x00000007dd900000,0x00000007dde00000,0x00000007dde00000)
  to   space 34304K, 0% used [0x00000007e2c00000,0x00000007e2c00000,0x00000007e4d80000)
 ParOldGen       total 162816K, used 102267K [0x0000000780000000, 0x0000000789f00000, 0x00000007d5500000)
  object space 162816K, 62% used [0x0000000780000000,0x00000007863ded28,0x0000000789f00000)
 PSPermGen       total 21504K, used 7809K [0x000000077ae00000, 0x000000077c300000, 0x0000000780000000)
  object space 21504K, 36% used [0x000000077ae00000,0x000000077b5a05b8,0x000000077c300000)
GC Heap History (10 events):
Event: 3.043 GC heap before
{Heap before GC invocations=2 (full 0):
 PSYoungGen      total 38912K, used 38896K [0x00000007d5500000, 0x00000007da100000, 0x0000000800000000)
  eden space 33792K, 100% used [0x00000007d5500000,0x00000007d7600000,0x00000007d7600000)
  from space 5120K, 99% used [0x00000007d7600000,0x00000007d7afc010,0x00000007d7b00000)
  to   space 5120K, 0% used [0x00000007d9c00000,0x00000007d9c00000,0x00000007da100000)
 ParOldGen       total 87040K, used 15031K [0x0000000780000000, 0x0000000785500000, 0x00000007d5500000)
  object space 87040K, 17% used [0x0000000780000000,0x0000000780eade08,0x0000000785500000)
 PSPermGen       total 21504K, used 7797K [0x000000077ae00000, 0x000000077c300000, 0x0000000780000000)
  object space 21504K, 36% used [0x000000077ae00000,0x000000077b59d608,0x000000077c300000)
Event: 3.137 GC heap after
Heap after GC invocations=2 (full 0):
 PSYoungGen      total 72704K, used 5120K [0x00000007d5500000, 0x00000007da100000, 0x0000000800000000)
  eden space 67584K, 0% used [0x00000007d5500000,0x00000007d5500000,0x00000007d9700000)
  from space 5120K, 100% used [0x00000007d9c00000,0x00000007da100000,0x00000007da100000)
  to   space 5120K, 0% used [0x00000007d9700000,0x00000007d9700000,0x00000007d9c00000)
 ParOldGen       total 87040K, used 34879K [0x0000000780000000, 0x0000000785500000, 0x00000007d5500000)
  object space 87040K, 40% used [0x0000000780000000,0x000000078220fe08,0x0000000785500000)
 PSPermGen       total 21504K, used 7797K [0x000000077ae00000, 0x000000077c300000, 0x0000000780000000)
  object space 21504K, 36% used [0x000000077ae00000,0x000000077b59d608,0x000000077c300000)
}
Event: 3.900 GC heap before
{Heap before GC invocations=3 (full 0):
 PSYoungGen      total 72704K, used 72704K [0x00000007d5500000, 0x00000007da100000, 0x0000000800000000)
  eden space 67584K, 100% used [0x00000007d5500000,0x00000007d9700000,0x00000007d9700000)
  from space 5120K, 100% used [0x00000007d9c00000,0x00000007da100000,0x00000007da100000)
  to   space 5120K, 0% used [0x00000007d9700000,0x00000007d9700000,0x00000007d9c00000)
 ParOldGen       total 87040K, used 34879K [0x0000000780000000, 0x0000000785500000, 0x00000007d5500000)
  object space 87040K, 40% used [0x0000000780000000,0x000000078220fe08,0x0000000785500000)
 PSPermGen       total 21504K, used 7810K [0x000000077ae00000, 0x000000077c300000, 0x0000000780000000)
  object space 21504K, 36% used [0x000000077ae00000,0x000000077b5a0828,0x000000077c300000)
Event: 4.014 GC heap after
Heap after GC invocations=3 (full 0):
 PSYoungGen      total 72704K, used 5120K [0x00000007d5500000, 0x00000007de300000, 0x0000000800000000)
  eden space 67584K, 0% used [0x00000007d5500000,0x00000007d5500000,0x00000007d9700000)
  from space 5120K, 100% used [0x00000007d9700000,0x00000007d9c00000,0x00000007d9c00000)
  to   space 5120K, 0% used [0x00000007dde00000,0x00000007dde00000,0x00000007de300000)
 ParOldGen       total 87040K, used 59567K [0x0000000780000000, 0x0000000785500000, 0x00000007d5500000)
  object space 87040K, 68% used [0x0000000780000000,0x0000000783a2be08,0x0000000785500000)
 PSPermGen       total 21504K, used 7810K [0x000000077ae00000, 0x000000077c300000, 0x0000000780000000)
  object space 21504K, 36% used [0x000000077ae00000,0x000000077b5a0828,0x000000077c300000)
}
Event: 4.659 GC heap before
{Heap before GC invocations=4 (full 0):
 PSYoungGen      total 72704K, used 72704K [0x00000007d5500000, 0x00000007de300000, 0x0000000800000000)
  eden space 67584K, 100% used [0x00000007d5500000,0x00000007d9700000,0x00000007d9700000)
  from space 5120K, 100% used [0x00000007d9700000,0x00000007d9c00000,0x00000007d9c00000)
  to   space 5120K, 0% used [0x00000007dde00000,0x00000007dde00000,0x00000007de300000)
 ParOldGen       total 87040K, used 59567K [0x0000000780000000, 0x0000000785500000, 0x00000007d5500000)
  object space 87040K, 68% used [0x0000000780000000,0x0000000783a2be08,0x0000000785500000)
 PSPermGen       total 21504K, used 7810K [0x000000077ae00000, 0x000000077c300000, 0x0000000780000000)
  object space 21504K, 36% used [0x000000077ae00000,0x000000077b5a0828,0x000000077c300000)
Event: 4.771 GC heap after
Heap after GC invocations=4 (full 0):
 PSYoungGen      total 140288K, used 5120K [0x00000007d5500000, 0x00000007de300000, 0x0000000800000000)
  eden space 135168K, 0% used [0x00000007d5500000,0x00000007d5500000,0x00000007dd900000)
  from space 5120K, 100% used [0x00000007dde00000,0x00000007de300000,0x00000007de300000)
  to   space 5120K, 0% used [0x00000007dd900000,0x00000007dd900000,0x00000007dde00000)
 ParOldGen       total 87040K, used 83887K [0x0000000780000000, 0x0000000785500000, 0x00000007d5500000)
  object space 87040K, 96% used [0x0000000780000000,0x00000007851ebe08,0x0000000785500000)
 PSPermGen       total 21504K, used 7810K [0x000000077ae00000, 0x000000077c300000, 0x0000000780000000)
  object space 21504K, 36% used [0x000000077ae00000,0x000000077b5a0828,0x000000077c300000)
}
Event: 4.771 GC heap before
{Heap before GC invocations=5 (full 1):
 PSYoungGen      total 140288K, used 5120K [0x00000007d5500000, 0x00000007de300000, 0x0000000800000000)
  eden space 135168K, 0% used [0x00000007d5500000,0x00000007d5500000,0x00000007dd900000)
  from space 5120K, 100% used [0x00000007dde00000,0x00000007de300000,0x00000007de300000)
  to   space 5120K, 0% used [0x00000007dd900000,0x00000007dd900000,0x00000007dde00000)
 ParOldGen       total 87040K, used 83887K [0x0000000780000000, 0x0000000785500000, 0x00000007d5500000)
  object space 87040K, 96% used [0x0000000780000000,0x00000007851ebe08,0x0000000785500000)
 PSPermGen       total 21504K, used 7810K [0x000000077ae00000, 0x000000077c300000, 0x0000000780000000)
  object space 21504K, 36% used [0x000000077ae00000,0x000000077b5a0828,0x000000077c300000)
Event: 5.780 GC heap after
Heap after GC invocations=5 (full 1):
 PSYoungGen      total 140288K, used 0K [0x00000007d5500000, 0x00000007de300000, 0x0000000800000000)
  eden space 135168K, 0% used [0x00000007d5500000,0x00000007d5500000,0x00000007dd900000)
  from space 5120K, 0% used [0x00000007dde00000,0x00000007dde00000,0x00000007de300000)
  to   space 5120K, 0% used [0x00000007dd900000,0x00000007dd900000,0x00000007dde00000)
 ParOldGen       total 162816K, used 79139K [0x0000000780000000, 0x0000000789f00000, 0x00000007d5500000)
  object space 162816K, 48% used [0x0000000780000000,0x0000000784d48d28,0x0000000789f00000)
 PSPermGen       total 21504K, used 7808K [0x000000077ae00000, 0x000000077c300000, 0x0000000780000000)
  object space 21504K, 36% used [0x000000077ae00000,0x000000077b5a0010,0x000000077c300000)
}
Event: 6.696 GC heap before
{Heap before GC invocations=6 (full 1):
 PSYoungGen      total 140288K, used 135168K [0x00000007d5500000, 0x00000007de300000, 0x0000000800000000)
  eden space 135168K, 100% used [0x00000007d5500000,0x00000007dd900000,0x00000007dd900000)
  from space 5120K, 0% used [0x00000007dde00000,0x00000007dde00000,0x00000007de300000)
  to   space 5120K, 0% used [0x00000007dd900000,0x00000007dd900000,0x00000007dde00000)
 ParOldGen       total 162816K, used 79139K [0x0000000780000000, 0x0000000789f00000, 0x00000007d5500000)
  object space 162816K, 48% used [0x0000000780000000,0x0000000784d48d28,0x0000000789f00000)
 PSPermGen       total 21504K, used 7808K [0x000000077ae00000, 0x000000077c300000, 0x0000000780000000)
  object space 21504K, 36% used [0x000000077ae00000,0x000000077b5a0010,0x000000077c300000)
Event: 6.837 GC heap after
Heap after GC invocations=6 (full 1):
 PSYoungGen      total 140288K, used 5120K [0x00000007d5500000, 0x00000007e4d80000, 0x0000000800000000)
  eden space 135168K, 0% used [0x00000007d5500000,0x00000007d5500000,0x00000007dd900000)
  from space 5120K, 100% used [0x00000007dd900000,0x00000007dde00000,0x00000007dde00000)
  to   space 34304K, 0% used [0x00000007e2c00000,0x00000007e2c00000,0x00000007e4d80000)
 ParOldGen       total 162816K, used 102267K [0x0000000780000000, 0x0000000789f00000, 0x00000007d5500000)
  object space 162816K, 62% used [0x0000000780000000,0x00000007863ded28,0x0000000789f00000)
 PSPermGen       total 21504K, used 7808K [0x000000077ae00000, 0x000000077c300000, 0x0000000780000000)
  object space 21504K, 36% used [0x000000077ae00000,0x000000077b5a0010,0x000000077c300000)
}

